 => #<File:console.out> 
NoMethodError: undefined method `>>' for #<String:0x007f8c633e9e18>
	from (irb):4:in `block in irb_binding'
	from /Users/dsb/.rvm/gems/ruby-2.1.2/gems/activerecord-4.1.4/lib/active_record/relation/delegation.rb:46:in `each'
	from /Users/dsb/.rvm/gems/ruby-2.1.2/gems/activerecord-4.1.4/lib/active_record/relation/delegation.rb:46:in `each'
	from (irb):4
	from /Users/dsb/.rvm/gems/ruby-2.1.2/gems/railties-4.1.4/lib/rails/commands/console.rb:90:in `start'
	from /Users/dsb/.rvm/gems/ruby-2.1.2/gems/railties-4.1.4/lib/rails/commands/console.rb:9:in `start'
	from /Users/dsb/.rvm/gems/ruby-2.1.2/gems/railties-4.1.4/lib/rails/commands/commands_tasks.rb:69:in `console'
	from /Users/dsb/.rvm/gems/ruby-2.1.2/gems/railties-4.1.4/lib/rails/commands/commands_tasks.rb:40:in `run_command!'
	from /Users/dsb/.rvm/gems/ruby-2.1.2/gems/railties-4.1.4/lib/rails/commands.rb:17:in `<top (required)>'
	from /Users/dsb/.rvm/gems/ruby-2.1.2/gems/activesupport-4.1.4/lib/active_support/dependencies.rb:247:in `require'
	from /Users/dsb/.rvm/gems/ruby-2.1.2/gems/activesupport-4.1.4/lib/active_support/dependencies.rb:247:in `block in require'
	from /Users/dsb/.rvm/gems/ruby-2.1.2/gems/activesupport-4.1.4/lib/active_support/dependencies.rb:232:in `load_dependency'
	from /Users/dsb/.rvm/gems/ruby-2.1.2/gems/activesupport-4.1.4/lib/active_support/dependencies.rb:247:in `require'
	from /Users/dsb/flatiron/project/thumbsapp/bin/rails:8:in `<top (required)>'
	from /Users/dsb/.rvm/gems/ruby-2.1.2/gems/activesupport-4.1.4/lib/active_support/dependencies.rb:241:in `load'
	from /Users/dsb/.rvm/gems/ruby-2.1.2/gems/activesupport-4.1.4/lib/active_support/dependencies.rb:241:in `block in load'
	from /Users/dsb/.rvm/gems/ruby-2.1.2/gems/activesupport-4.1.4/lib/active_support/dependencies.rb:232:in `load_dependency'
	from /Users/dsb/.rvm/gems/ruby-2.1.2/gems/activesupport-4.1.4/lib/active_support/dependencies.rb:241:in `load'
	from /Users/dsb/.rvm/rubies/ruby-2.1.2/lib/ruby/2.1.0/rubygems/core_ext/kernel_require.rb:55:in `require'
	from /Users/dsb/.rvm/rubies/ruby-2.1.2/lib/ruby/2.1.0/rubygems/core_ext/kernel_require.rb:55:in `require'
	from -e:1:in `<main>' => #<ActiveRecord::Relation [#<MovieReview id: 1, quote: "Big Hero 6 offers something for everyone: action, ...", movie_id: 1, created_at: "2014-11-26 23:13:03", updated_at: "2014-11-26 23:13:03">, #<MovieReview id: 2, quote: "Big Hero 6 celebrates nerd culture. And not merely...", movie_id: 1, created_at: "2014-11-26 23:13:03", updated_at: "2014-11-26 23:13:03">, #<MovieReview id: 3, quote: "The breakthrough star of the season is here. His n...", movie_id: 1, created_at: "2014-11-26 23:13:03", updated_at: "2014-11-26 23:13:03">, #<MovieReview id: 4, quote: "Big Hero 6's considerable graces as an animated fi...", movie_id: 1, created_at: "2014-11-26 23:13:03", updated_at: "2014-11-26 23:13:03">, #<MovieReview id: 5, quote: "At times, Big Hero 6 gets a little too noisy for i...", movie_id: 1, created_at: "2014-11-26 23:13:03", updated_at: "2014-11-26 23:13:03">, #<MovieReview id: 6, quote: "Big Hero 6 qualifies as a better-than-average kids...", movie_id: 1, created_at: "2014-11-26 23:13:03", updated_at: "2014-11-26 23:13:03">, #<MovieReview id: 7, quote: "Consider it a more family-friendly Guardians of th...", movie_id: 1, created_at: "2014-11-26 23:13:03", updated_at: "2014-11-26 23:13:03">, #<MovieReview id: 8, quote: "Gorgeous and disturbing, Big Hero 6 is a departure...", movie_id: 1, created_at: "2014-11-26 23:13:03", updated_at: "2014-11-26 23:13:03">, #<MovieReview id: 9, quote: "It's fun, action-packed, and adorable.", movie_id: 1, created_at: "2014-11-26 23:13:03", updated_at: "2014-11-26 23:13:03">, #<MovieReview id: 10, quote: "Pow, pow, kaboom, cuddle. ...", movie_id: 1, created_at: "2014-11-26 23:13:03", updated_at: "2014-11-26 23:13:03">, ...]> 
 => #<ActiveRecord::Relation [#<Movie id: 1, title: "Big Hero 6", created_at: "2014-11-26 23:13:03", updated_at: "2014-11-26 23:13:03", poster: "http://content7.flixster.com/movie/11/17/85/111785...">, #<Movie id: 2, title: "The Hunger Games: Mockingjay - Part 1", created_at: "2014-11-26 23:13:03", updated_at: "2014-11-26 23:13:03", poster: "http://content8.flixster.com/movie/11/18/04/111804...">, #<Movie id: 3, title: "Interstellar", created_at: "2014-11-26 23:13:03", updated_at: "2014-11-26 23:13:03", poster: "http://content9.flixster.com/movie/11/18/05/111805...">, #<Movie id: 4, title: "Dumb and Dumber To", created_at: "2014-11-26 23:13:03", updated_at: "2014-11-26 23:13:03", poster: "http://content6.flixster.com/movie/11/17/88/111788...">, #<Movie id: 5, title: "Beyond the Lights", created_at: "2014-11-26 23:13:04", updated_at: "2014-11-26 23:13:04", poster: "http://content7.flixster.com/movie/11/17/98/111798...">, #<Movie id: 6, title: "St. Vincent", created_at: "2014-11-26 23:13:04", updated_at: "2014-11-26 23:13:04", poster: "http://content6.flixster.com/movie/11/18/05/111805...">, #<Movie id: 7, title: "Gone Girl", created_at: "2014-11-26 23:13:04", updated_at: "2014-11-26 23:13:04", poster: "http://content7.flixster.com/movie/11/18/08/111808...">, #<Movie id: 8, title: "Fury", created_at: "2014-11-26 23:13:04", updated_at: "2014-11-26 23:13:04", poster: "http://content9.flixster.com/movie/11/18/09/111809...">, #<Movie id: 9, title: "The Theory of Everything", created_at: "2014-11-26 23:13:05", updated_at: "2014-11-26 23:13:05", poster: "http://content6.flixster.com/movie/11/18/02/111802...">, #<Movie id: 10, title: "Birdman", created_at: "2014-11-26 23:13:05", updated_at: "2014-11-26 23:13:05", poster: "http://content8.flixster.com/movie/11/18/07/111807...">, ...]> 
